<?xml version="1.0" encoding="UTF-8"?>
<!-- Generated by org.testng.reporters.JUnitReportReporter -->
<testsuite hostname="G09INXNP31774X1" failures="0" tests="1" name="DemoTest.Test1.extentReport.Report" time="0.007" errors="0" timestamp="2023-04-03T10:48:45 IST" skipped="0">
  <testcase classname="DemoTest.Test1.extentReport.Report" name="f" time="0.007"/>
  <system-out/>
</testsuite> <!-- DemoTest.Test1.extentReport.Report -->
